<?xml version="1.0" encoding="UTF-8" ?><testsuite errors="0" name="jasmine.specs" tests="7" failures="0" skipped="0" hostname="localhost" time="0.0" timestamp="2013-03-27T23:01:00"><testcase classname="jasmine" name="The Randomizer function create first data" time="0.0" failure="false"/><testcase classname="jasmine" name="The Randomizer function create random data" time="0.0" failure="false"/><testcase classname="jasmine" name="The StockModel constructor function should create a stockmodel and a stock in it" time="0.0" failure="false"/><testcase classname="jasmine" name="The buildStockTable function should create table" time="0.0" failure="false"/><testcase classname="jasmine" name="The updateTable function should update table with new data" time="0.0" failure="false"/><testcase classname="jasmine" name="The CreatRows function should create rows" time="0.0" failure="false"/><testcase classname="jasmine" name="The creatheaders function should create rows" time="0.0" failure="false"/></testsuite>